-------------------------------------------------------------------------------
Test set: com.hrms.runners.SmokeRunner
-------------------------------------------------------------------------------
Tests run: 5, Failures: 2, Errors: 0, Skipped: 0, Time elapsed: 47.119 s <<< FAILURE! - in com.hrms.runners.SmokeRunner
Report.Search for invalid report  Time elapsed: 10.365 s  <<< FAILURE!
java.lang.AssertionError

Report.Search for invalid report  Time elapsed: 10.229 s  <<< FAILURE!
java.lang.AssertionError

